<?xml version="1.0" encoding="UTF-8"?>
<robot generator="Robot 3.2.1 (Python 3.8.5 on darwin)" generated="20200729 09:22:40.496" rpa="false">
<suite id="s1" name="Login Steps" source="/Users/jameson.b.araujo/Desktop/TestsRobot/MediumPageObjects/tests/steps/login_steps.robot">
<test id="s1-t1" name="Cenário: Efetuar Login na Página">
<kw name="Browser open" library="resource_base" type="setup">
<kw name="Open Browser" library="SeleniumLibrary">
<doc>Opens a new browser instance to the optional ``url``.</doc>
<arguments>
<arg>${url_base}</arg>
<arg>chrome</arg>
</arguments>
<msg timestamp="20200729 09:22:40.962" level="INFO">Opening browser 'chrome' to base url 'http://testing-ground.scraping.pro/login'.</msg>
<status status="PASS" starttime="20200729 09:22:40.962" endtime="20200729 09:22:49.717"></status>
</kw>
<kw name="Maximize Browser Window" library="SeleniumLibrary">
<doc>Maximizes current browser window.</doc>
<status status="PASS" starttime="20200729 09:22:49.718" endtime="20200729 09:22:49.865"></status>
</kw>
<status status="PASS" starttime="20200729 09:22:40.961" endtime="20200729 09:22:49.865"></status>
</kw>
<kw name="Dado que eu acesse página e preencha usuário e senha" library="login_page">
<kw name="Input" library="resource_base">
<arguments>
<arg>${user}</arg>
<arg>admin</arg>
</arguments>
<kw name="Wait Until Element Is Visible" library="SeleniumLibrary">
<doc>Waits until the element ``locator`` is visible.</doc>
<arguments>
<arg>${element}</arg>
</arguments>
<status status="PASS" starttime="20200729 09:22:49.867" endtime="20200729 09:22:49.907"></status>
</kw>
<kw name="Input Text" library="SeleniumLibrary">
<doc>Types the given ``text`` into the text field identified by ``locator``.</doc>
<arguments>
<arg>${element}</arg>
<arg>${input}</arg>
</arguments>
<msg timestamp="20200729 09:22:49.908" level="INFO">Typing text 'admin' into text field 'id:usr'.</msg>
<status status="PASS" starttime="20200729 09:22:49.907" endtime="20200729 09:22:50.089"></status>
</kw>
<status status="PASS" starttime="20200729 09:22:49.866" endtime="20200729 09:22:50.089"></status>
</kw>
<kw name="Input" library="resource_base">
<arguments>
<arg>${password}</arg>
<arg>12345</arg>
</arguments>
<kw name="Wait Until Element Is Visible" library="SeleniumLibrary">
<doc>Waits until the element ``locator`` is visible.</doc>
<arguments>
<arg>${element}</arg>
</arguments>
<status status="PASS" starttime="20200729 09:22:50.090" endtime="20200729 09:22:50.119"></status>
</kw>
<kw name="Input Text" library="SeleniumLibrary">
<doc>Types the given ``text`` into the text field identified by ``locator``.</doc>
<arguments>
<arg>${element}</arg>
<arg>${input}</arg>
</arguments>
<msg timestamp="20200729 09:22:50.119" level="INFO">Typing text '12345' into text field 'id:pwd'.</msg>
<status status="PASS" starttime="20200729 09:22:50.119" endtime="20200729 09:22:50.218"></status>
</kw>
<status status="PASS" starttime="20200729 09:22:50.089" endtime="20200729 09:22:50.218"></status>
</kw>
<status status="PASS" starttime="20200729 09:22:49.866" endtime="20200729 09:22:50.219"></status>
</kw>
<kw name="Quando eu clicar no botão Login" library="login_page">
<kw name="Wait Click" library="resource_base">
<arguments>
<arg>${button}</arg>
<arg>${button}</arg>
</arguments>
<kw name="Wait Until Element Is Visible" library="SeleniumLibrary">
<doc>Waits until the element ``locator`` is visible.</doc>
<arguments>
<arg>${element}</arg>
</arguments>
<status status="PASS" starttime="20200729 09:22:50.220" endtime="20200729 09:22:50.252"></status>
</kw>
<kw name="Click Element" library="SeleniumLibrary">
<doc>Click the element identified by ``locator``.</doc>
<arguments>
<arg>${click}</arg>
</arguments>
<msg timestamp="20200729 09:22:50.252" level="INFO">Clicking element 'xpath://*[@id="case_login"]/form/input[3]'.</msg>
<status status="PASS" starttime="20200729 09:22:50.252" endtime="20200729 09:22:51.001"></status>
</kw>
<status status="PASS" starttime="20200729 09:22:50.219" endtime="20200729 09:22:51.001"></status>
</kw>
<status status="PASS" starttime="20200729 09:22:50.219" endtime="20200729 09:22:51.001"></status>
</kw>
<kw name="Então devo ver mensagem de WELCOME :)" library="login_page">
<kw name="Text Element" library="resource_base">
<arguments>
<arg>${textValidationElement}</arg>
<arg>${textValidation}</arg>
</arguments>
<kw name="Wait Until Element Is Visible" library="SeleniumLibrary">
<doc>Waits until the element ``locator`` is visible.</doc>
<arguments>
<arg>${element}</arg>
</arguments>
<status status="PASS" starttime="20200729 09:22:51.003" endtime="20200729 09:22:51.039"></status>
</kw>
<kw name="Element Text Should Be" library="SeleniumLibrary">
<doc>Verifies that element ``locator`` contains exact the text ``expected``.</doc>
<arguments>
<arg>${element}</arg>
<arg>${text}</arg>
</arguments>
<msg timestamp="20200729 09:22:51.039" level="INFO">Verifying element 'xpath://*[@id="case_login"]/h3' contains exact text 'WELCOME :)'.</msg>
<status status="PASS" starttime="20200729 09:22:51.039" endtime="20200729 09:22:51.066"></status>
</kw>
<status status="PASS" starttime="20200729 09:22:51.002" endtime="20200729 09:22:51.066"></status>
</kw>
<status status="PASS" starttime="20200729 09:22:51.002" endtime="20200729 09:22:51.066"></status>
</kw>
<kw name="Close Navigation" library="resource_base" type="teardown">
<kw name="Capture Page Screenshot" library="SeleniumLibrary">
<doc>Takes a screenshot of the current page and embeds it into a log file.</doc>
<msg timestamp="20200729 09:22:51.386" level="INFO" html="yes">&lt;/td&gt;&lt;/tr&gt;&lt;tr&gt;&lt;td colspan="3"&gt;&lt;a href="selenium-screenshot-4.png"&gt;&lt;img src="selenium-screenshot-4.png" width="800px"&gt;&lt;/a&gt;</msg>
<status status="PASS" starttime="20200729 09:22:51.067" endtime="20200729 09:22:51.386"></status>
</kw>
<kw name="Sleep" library="BuiltIn">
<doc>Pauses the test executed for the given time.</doc>
<arguments>
<arg>3</arg>
</arguments>
<msg timestamp="20200729 09:22:54.389" level="INFO">Slept 3 seconds</msg>
<status status="PASS" starttime="20200729 09:22:51.386" endtime="20200729 09:22:54.389"></status>
</kw>
<kw name="Close Browser" library="SeleniumLibrary">
<doc>Closes the current browser.</doc>
<status status="PASS" starttime="20200729 09:22:54.389" endtime="20200729 09:22:54.509"></status>
</kw>
<status status="PASS" starttime="20200729 09:22:51.067" endtime="20200729 09:22:54.510"></status>
</kw>
<status status="PASS" starttime="20200729 09:22:40.959" endtime="20200729 09:22:54.511" critical="yes"></status>
</test>
<status status="PASS" starttime="20200729 09:22:40.499" endtime="20200729 09:22:54.513"></status>
</suite>
<statistics>
<total>
<stat pass="1" fail="0">Critical Tests</stat>
<stat pass="1" fail="0">All Tests</stat>
</total>
<tag>
</tag>
<suite>
<stat pass="1" fail="0" id="s1" name="Login Steps">Login Steps</stat>
</suite>
</statistics>
<errors>
</errors>
</robot>
